<?xml version="1.0" encoding="UTF-8"?>
<testng-results skipped="0" failed="0" ignored="0" total="1" passed="1">
  <reporter-output>
  </reporter-output>
  <suite name="Default suite" duration-ms="108243" started-at="2019-03-14T13:08:45Z" finished-at="2019-03-14T13:10:33Z">
    <groups>
    </groups>
    <test name="Default test" duration-ms="108243" started-at="2019-03-14T13:08:45Z" finished-at="2019-03-14T13:10:33Z">
      <class name="Practise.test">
        <test-method status="PASS" signature="preCondition()[pri:0, instance:Practise.test@ed7f8b4]" name="preCondition" is-config="true" duration-ms="31" started-at="2019-03-14T13:08:45Z" finished-at="2019-03-14T13:08:45Z">
          <reporter-output>
          </reporter-output>
        </test-method> <!-- preCondition -->
        <test-method status="PASS" signature="hi()[pri:0, instance:Practise.test@ed7f8b4]" name="hi" duration-ms="108196" started-at="2019-03-14T13:08:45Z" finished-at="2019-03-14T13:10:33Z">
          <reporter-output>
          </reporter-output>
        </test-method> <!-- hi -->
      </class> <!-- Practise.test -->
    </test> <!-- Default test -->
  </suite> <!-- Default suite -->
</testng-results>
